INFO:     Started server process [34065]
INFO:     Waiting for application startup.
INFO:     Application startup complete.
INFO:     Uvicorn running on http://0.0.0.0:8000 (Press CTRL+C to quit)
[01/15/26 20:19:40] INFO     Processing request of type            server.py:713
                             CallToolRequest                                    
[01/15/26 20:19:40] INFO     Processing request of type            server.py:713
                             CallToolRequest                                    
                    INFO     Processing request of type            server.py:713
                             ListToolsRequest                                   
                    INFO     Processing request of type            server.py:713
                             ListToolsRequest                                   
Exception ignored in: <function ClientSession.__del__ at 0x10a75c5e0>
Traceback (most recent call last):
  File "/Library/Frameworks/Python.framework/Versions/3.13/lib/python3.13/site-packages/aiohttp/client.py", line 459, in __del__
  File "/Library/Frameworks/Python.framework/Versions/3.13/lib/python3.13/asyncio/base_events.py", line 1906, in call_exception_handler
  File "/Library/Frameworks/Python.framework/Versions/3.13/lib/python3.13/logging/__init__.py", line 1551, in error
  File "/Library/Frameworks/Python.framework/Versions/3.13/lib/python3.13/logging/__init__.py", line 1667, in _log
  File "/Library/Frameworks/Python.framework/Versions/3.13/lib/python3.13/logging/__init__.py", line 1686, in handle
  File "/Library/Frameworks/Python.framework/Versions/3.13/lib/python3.13/logging/__init__.py", line 1744, in callHandlers
  File "/Library/Frameworks/Python.framework/Versions/3.13/lib/python3.13/logging/__init__.py", line 1027, in handle
  File "/Library/Frameworks/Python.framework/Versions/3.13/lib/python3.13/site-packages/rich/logging.py", line 144, in emit
  File "/Library/Frameworks/Python.framework/Versions/3.13/lib/python3.13/site-packages/rich/traceback.py", line 384, in from_exception
  File "/Library/Frameworks/Python.framework/Versions/3.13/lib/python3.13/site-packages/rich/traceback.py", line 446, in extract
ImportError: sys.meta_path is None, Python is likely shutting down
Exception ignored in: <function ClientResponse.__del__ at 0x10a6a36a0>
Traceback (most recent call last):
  File "/Library/Frameworks/Python.framework/Versions/3.13/lib/python3.13/site-packages/aiohttp/client_reqrep.py", line 447, in __del__
  File "/Library/Frameworks/Python.framework/Versions/3.13/lib/python3.13/site-packages/aiohttp/connector.py", line 224, in release
  File "/Library/Frameworks/Python.framework/Versions/3.13/lib/python3.13/site-packages/aiohttp/connector.py", line 805, in _release
  File "/Library/Frameworks/Python.framework/Versions/3.13/lib/python3.13/site-packages/aiohttp/client_proto.py", line 93, in close
  File "/Library/Frameworks/Python.framework/Versions/3.13/lib/python3.13/asyncio/selector_events.py", line 1205, in close
  File "/Library/Frameworks/Python.framework/Versions/3.13/lib/python3.13/asyncio/selector_events.py", line 865, in close
  File "/Library/Frameworks/Python.framework/Versions/3.13/lib/python3.13/asyncio/base_events.py", line 833, in call_soon
  File "/Library/Frameworks/Python.framework/Versions/3.13/lib/python3.13/asyncio/base_events.py", line 556, in _check_closed
RuntimeError: Event loop is closed
Exception ignored in: <function ClientSession.__del__ at 0x10a4ec5e0>
Traceback (most recent call last):
  File "/Library/Frameworks/Python.framework/Versions/3.13/lib/python3.13/site-packages/aiohttp/client.py", line 459, in __del__
  File "/Library/Frameworks/Python.framework/Versions/3.13/lib/python3.13/asyncio/base_events.py", line 1906, in call_exception_handler
  File "/Library/Frameworks/Python.framework/Versions/3.13/lib/python3.13/logging/__init__.py", line 1551, in error
  File "/Library/Frameworks/Python.framework/Versions/3.13/lib/python3.13/logging/__init__.py", line 1667, in _log
  File "/Library/Frameworks/Python.framework/Versions/3.13/lib/python3.13/logging/__init__.py", line 1686, in handle
  File "/Library/Frameworks/Python.framework/Versions/3.13/lib/python3.13/logging/__init__.py", line 1744, in callHandlers
  File "/Library/Frameworks/Python.framework/Versions/3.13/lib/python3.13/logging/__init__.py", line 1027, in handle
  File "/Library/Frameworks/Python.framework/Versions/3.13/lib/python3.13/site-packages/rich/logging.py", line 144, in emit
  File "/Library/Frameworks/Python.framework/Versions/3.13/lib/python3.13/site-packages/rich/traceback.py", line 384, in from_exception
  File "/Library/Frameworks/Python.framework/Versions/3.13/lib/python3.13/site-packages/rich/traceback.py", line 446, in extract
ImportError: sys.meta_path is None, Python is likely shutting down
Exception ignored in: <function ClientResponse.__del__ at 0x10a4336a0>
Traceback (most recent call last):
  File "/Library/Frameworks/Python.framework/Versions/3.13/lib/python3.13/site-packages/aiohttp/client_reqrep.py", line 447, in __del__
  File "/Library/Frameworks/Python.framework/Versions/3.13/lib/python3.13/site-packages/aiohttp/connector.py", line 224, in release
  File "/Library/Frameworks/Python.framework/Versions/3.13/lib/python3.13/site-packages/aiohttp/connector.py", line 805, in _release
  File "/Library/Frameworks/Python.framework/Versions/3.13/lib/python3.13/site-packages/aiohttp/client_proto.py", line 93, in close
  File "/Library/Frameworks/Python.framework/Versions/3.13/lib/python3.13/asyncio/selector_events.py", line 1205, in close
  File "/Library/Frameworks/Python.framework/Versions/3.13/lib/python3.13/asyncio/selector_events.py", line 865, in close
  File "/Library/Frameworks/Python.framework/Versions/3.13/lib/python3.13/asyncio/base_events.py", line 833, in call_soon
  File "/Library/Frameworks/Python.framework/Versions/3.13/lib/python3.13/asyncio/base_events.py", line 556, in _check_closed
RuntimeError: Event loop is closed
WARNING: STREAMMAGIC_HOST environment variable not set.
Starting Web Client on http://localhost:8000
INFO:     127.0.0.1:60655 - "POST /api/execute HTTP/1.1" 200 OK
INFO:     127.0.0.1:60654 - "POST /api/execute HTTP/1.1" 200 OK
[01/15/26 20:19:45] INFO     Processing request of type            server.py:713
                             CallToolRequest                                    
[01/15/26 20:19:45] INFO     Processing request of type            server.py:713
                             CallToolRequest                                    
                    INFO     Processing request of type            server.py:713
                             ListToolsRequest                                   
                    INFO     Processing request of type            server.py:713
                             ListToolsRequest                                   
Exception ignored in: <function ClientSession.__del__ at 0x10c0a05e0>
Traceback (most recent call last):
  File "/Library/Frameworks/Python.framework/Versions/3.13/lib/python3.13/site-packages/aiohttp/client.py", line 459, in __del__
  File "/Library/Frameworks/Python.framework/Versions/3.13/lib/python3.13/asyncio/base_events.py", line 1906, in call_exception_handler
  File "/Library/Frameworks/Python.framework/Versions/3.13/lib/python3.13/logging/__init__.py", line 1551, in error
  File "/Library/Frameworks/Python.framework/Versions/3.13/lib/python3.13/logging/__init__.py", line 1667, in _log
  File "/Library/Frameworks/Python.framework/Versions/3.13/lib/python3.13/logging/__init__.py", line 1686, in handle
  File "/Library/Frameworks/Python.framework/Versions/3.13/lib/python3.13/logging/__init__.py", line 1744, in callHandlers
  File "/Library/Frameworks/Python.framework/Versions/3.13/lib/python3.13/logging/__init__.py", line 1027, in handle
  File "/Library/Frameworks/Python.framework/Versions/3.13/lib/python3.13/site-packages/rich/logging.py", line 144, in emit
  File "/Library/Frameworks/Python.framework/Versions/3.13/lib/python3.13/site-packages/rich/traceback.py", line 384, in from_exception
  File "/Library/Frameworks/Python.framework/Versions/3.13/lib/python3.13/site-packages/rich/traceback.py", line 446, in extract
ImportError: sys.meta_path is None, Python is likely shutting down
Exception ignored in: <function ClientResponse.__del__ at 0x10bfe76a0>
Traceback (most recent call last):
  File "/Library/Frameworks/Python.framework/Versions/3.13/lib/python3.13/site-packages/aiohttp/client_reqrep.py", line 447, in __del__
  File "/Library/Frameworks/Python.framework/Versions/3.13/lib/python3.13/site-packages/aiohttp/connector.py", line 224, in release
  File "/Library/Frameworks/Python.framework/Versions/3.13/lib/python3.13/site-packages/aiohttp/connector.py", line 805, in _release
  File "/Library/Frameworks/Python.framework/Versions/3.13/lib/python3.13/site-packages/aiohttp/client_proto.py", line 93, in close
  File "/Library/Frameworks/Python.framework/Versions/3.13/lib/python3.13/asyncio/selector_events.py", line 1205, in close
  File "/Library/Frameworks/Python.framework/Versions/3.13/lib/python3.13/asyncio/selector_events.py", line 865, in close
  File "/Library/Frameworks/Python.framework/Versions/3.13/lib/python3.13/asyncio/base_events.py", line 833, in call_soon
  File "/Library/Frameworks/Python.framework/Versions/3.13/lib/python3.13/asyncio/base_events.py", line 556, in _check_closed
RuntimeError: Event loop is closed
Exception ignored in: <function ClientSession.__del__ at 0x10c4285e0>
Traceback (most recent call last):
  File "/Library/Frameworks/Python.framework/Versions/3.13/lib/python3.13/site-packages/aiohttp/client.py", line 459, in __del__
  File "/Library/Frameworks/Python.framework/Versions/3.13/lib/python3.13/asyncio/base_events.py", line 1906, in call_exception_handler
  File "/Library/Frameworks/Python.framework/Versions/3.13/lib/python3.13/logging/__init__.py", line 1551, in error
  File "/Library/Frameworks/Python.framework/Versions/3.13/lib/python3.13/logging/__init__.py", line 1667, in _log
  File "/Library/Frameworks/Python.framework/Versions/3.13/lib/python3.13/logging/__init__.py", line 1686, in handle
  File "/Library/Frameworks/Python.framework/Versions/3.13/lib/python3.13/logging/__init__.py", line 1744, in callHandlers
  File "/Library/Frameworks/Python.framework/Versions/3.13/lib/python3.13/logging/__init__.py", line 1027, in handle
  File "/Library/Frameworks/Python.framework/Versions/3.13/lib/python3.13/site-packages/rich/logging.py", line 144, in emit
  File "/Library/Frameworks/Python.framework/Versions/3.13/lib/python3.13/site-packages/rich/traceback.py", line 384, in from_exception
  File "/Library/Frameworks/Python.framework/Versions/3.13/lib/python3.13/site-packages/rich/traceback.py", line 446, in extract
ImportError: sys.meta_path is None, Python is likely shutting down
Exception ignored in: <function ClientResponse.__del__ at 0x10c36f6a0>
Traceback (most recent call last):
  File "/Library/Frameworks/Python.framework/Versions/3.13/lib/python3.13/site-packages/aiohttp/client_reqrep.py", line 447, in __del__
  File "/Library/Frameworks/Python.framework/Versions/3.13/lib/python3.13/site-packages/aiohttp/connector.py", line 224, in release
  File "/Library/Frameworks/Python.framework/Versions/3.13/lib/python3.13/site-packages/aiohttp/connector.py", line 805, in _release
  File "/Library/Frameworks/Python.framework/Versions/3.13/lib/python3.13/site-packages/aiohttp/client_proto.py", line 93, in close
  File "/Library/Frameworks/Python.framework/Versions/3.13/lib/python3.13/asyncio/selector_events.py", line 1205, in close
  File "/Library/Frameworks/Python.framework/Versions/3.13/lib/python3.13/asyncio/selector_events.py", line 865, in close
  File "/Library/Frameworks/Python.framework/Versions/3.13/lib/python3.13/asyncio/base_events.py", line 833, in call_soon
  File "/Library/Frameworks/Python.framework/Versions/3.13/lib/python3.13/asyncio/base_events.py", line 556, in _check_closed
RuntimeError: Event loop is closed
INFO:     127.0.0.1:60654 - "POST /api/execute HTTP/1.1" 200 OK
INFO:     127.0.0.1:60655 - "POST /api/execute HTTP/1.1" 200 OK
[01/15/26 20:19:50] INFO     Processing request of type            server.py:713
                             CallToolRequest                                    
[01/15/26 20:19:50] INFO     Processing request of type            server.py:713
                             CallToolRequest                                    
[01/15/26 20:19:51] INFO     Processing request of type            server.py:713
                             ListToolsRequest                                   
[01/15/26 20:19:51] INFO     Processing request of type            server.py:713
                             ListToolsRequest                                   
Exception ignored in: <function ClientSession.__del__ at 0x10c27c5e0>
Traceback (most recent call last):
  File "/Library/Frameworks/Python.framework/Versions/3.13/lib/python3.13/site-packages/aiohttp/client.py", line 459, in __del__
  File "/Library/Frameworks/Python.framework/Versions/3.13/lib/python3.13/asyncio/base_events.py", line 1906, in call_exception_handler
  File "/Library/Frameworks/Python.framework/Versions/3.13/lib/python3.13/logging/__init__.py", line 1551, in error
  File "/Library/Frameworks/Python.framework/Versions/3.13/lib/python3.13/logging/__init__.py", line 1667, in _log
  File "/Library/Frameworks/Python.framework/Versions/3.13/lib/python3.13/logging/__init__.py", line 1686, in handle
  File "/Library/Frameworks/Python.framework/Versions/3.13/lib/python3.13/logging/__init__.py", line 1744, in callHandlers
  File "/Library/Frameworks/Python.framework/Versions/3.13/lib/python3.13/logging/__init__.py", line 1027, in handle
  File "/Library/Frameworks/Python.framework/Versions/3.13/lib/python3.13/site-packages/rich/logging.py", line 144, in emit
  File "/Library/Frameworks/Python.framework/Versions/3.13/lib/python3.13/site-packages/rich/traceback.py", line 384, in from_exception
  File "/Library/Frameworks/Python.framework/Versions/3.13/lib/python3.13/site-packages/rich/traceback.py", line 446, in extract
ImportError: sys.meta_path is None, Python is likely shutting down
Exception ignored in: <function ClientResponse.__del__ at 0x10c1c36a0>
Traceback (most recent call last):
  File "/Library/Frameworks/Python.framework/Versions/3.13/lib/python3.13/site-packages/aiohttp/client_reqrep.py", line 447, in __del__
  File "/Library/Frameworks/Python.framework/Versions/3.13/lib/python3.13/site-packages/aiohttp/connector.py", line 224, in release
  File "/Library/Frameworks/Python.framework/Versions/3.13/lib/python3.13/site-packages/aiohttp/connector.py", line 805, in _release
  File "/Library/Frameworks/Python.framework/Versions/3.13/lib/python3.13/site-packages/aiohttp/client_proto.py", line 93, in close
  File "/Library/Frameworks/Python.framework/Versions/3.13/lib/python3.13/asyncio/selector_events.py", line 1205, in close
  File "/Library/Frameworks/Python.framework/Versions/3.13/lib/python3.13/asyncio/selector_events.py", line 865, in close
  File "/Library/Frameworks/Python.framework/Versions/3.13/lib/python3.13/asyncio/base_events.py", line 833, in call_soon
  File "/Library/Frameworks/Python.framework/Versions/3.13/lib/python3.13/asyncio/base_events.py", line 556, in _check_closed
RuntimeError: Event loop is closed
Exception ignored in: <function ClientSession.__del__ at 0x10a8385e0>
Traceback (most recent call last):
  File "/Library/Frameworks/Python.framework/Versions/3.13/lib/python3.13/site-packages/aiohttp/client.py", line 459, in __del__
  File "/Library/Frameworks/Python.framework/Versions/3.13/lib/python3.13/asyncio/base_events.py", line 1906, in call_exception_handler
  File "/Library/Frameworks/Python.framework/Versions/3.13/lib/python3.13/logging/__init__.py", line 1551, in error
  File "/Library/Frameworks/Python.framework/Versions/3.13/lib/python3.13/logging/__init__.py", line 1667, in _log
  File "/Library/Frameworks/Python.framework/Versions/3.13/lib/python3.13/logging/__init__.py", line 1686, in handle
  File "/Library/Frameworks/Python.framework/Versions/3.13/lib/python3.13/logging/__init__.py", line 1744, in callHandlers
  File "/Library/Frameworks/Python.framework/Versions/3.13/lib/python3.13/logging/__init__.py", line 1027, in handle
  File "/Library/Frameworks/Python.framework/Versions/3.13/lib/python3.13/site-packages/rich/logging.py", line 144, in emit
  File "/Library/Frameworks/Python.framework/Versions/3.13/lib/python3.13/site-packages/rich/traceback.py", line 384, in from_exception
  File "/Library/Frameworks/Python.framework/Versions/3.13/lib/python3.13/site-packages/rich/traceback.py", line 446, in extract
ImportError: sys.meta_path is None, Python is likely shutting down
Exception ignored in: <function ClientResponse.__del__ at 0x10a77f6a0>
Traceback (most recent call last):
  File "/Library/Frameworks/Python.framework/Versions/3.13/lib/python3.13/site-packages/aiohttp/client_reqrep.py", line 447, in __del__
  File "/Library/Frameworks/Python.framework/Versions/3.13/lib/python3.13/site-packages/aiohttp/connector.py", line 224, in release
  File "/Library/Frameworks/Python.framework/Versions/3.13/lib/python3.13/site-packages/aiohttp/connector.py", line 805, in _release
  File "/Library/Frameworks/Python.framework/Versions/3.13/lib/python3.13/site-packages/aiohttp/client_proto.py", line 93, in close
  File "/Library/Frameworks/Python.framework/Versions/3.13/lib/python3.13/asyncio/selector_events.py", line 1205, in close
  File "/Library/Frameworks/Python.framework/Versions/3.13/lib/python3.13/asyncio/selector_events.py", line 865, in close
  File "/Library/Frameworks/Python.framework/Versions/3.13/lib/python3.13/asyncio/base_events.py", line 833, in call_soon
  File "/Library/Frameworks/Python.framework/Versions/3.13/lib/python3.13/asyncio/base_events.py", line 556, in _check_closed
RuntimeError: Event loop is closed
INFO:     127.0.0.1:60654 - "POST /api/execute HTTP/1.1" 200 OK
INFO:     127.0.0.1:60655 - "POST /api/execute HTTP/1.1" 200 OK
[01/15/26 20:19:55] INFO     Processing request of type            server.py:713
                             CallToolRequest                                    
[01/15/26 20:19:55] INFO     Processing request of type            server.py:713
                             CallToolRequest                                    
                    INFO     Processing request of type            server.py:713
                             ListToolsRequest                                   
                    INFO     Processing request of type            server.py:713
                             ListToolsRequest                                   
Exception ignored in: <function ClientSession.__del__ at 0x10c4b85e0>
Traceback (most recent call last):
  File "/Library/Frameworks/Python.framework/Versions/3.13/lib/python3.13/site-packages/aiohttp/client.py", line 459, in __del__
  File "/Library/Frameworks/Python.framework/Versions/3.13/lib/python3.13/asyncio/base_events.py", line 1906, in call_exception_handler
  File "/Library/Frameworks/Python.framework/Versions/3.13/lib/python3.13/logging/__init__.py", line 1551, in error
  File "/Library/Frameworks/Python.framework/Versions/3.13/lib/python3.13/logging/__init__.py", line 1667, in _log
  File "/Library/Frameworks/Python.framework/Versions/3.13/lib/python3.13/logging/__init__.py", line 1686, in handle
  File "/Library/Frameworks/Python.framework/Versions/3.13/lib/python3.13/logging/__init__.py", line 1744, in callHandlers
  File "/Library/Frameworks/Python.framework/Versions/3.13/lib/python3.13/logging/__init__.py", line 1027, in handle
  File "/Library/Frameworks/Python.framework/Versions/3.13/lib/python3.13/site-packages/rich/logging.py", line 144, in emit
  File "/Library/Frameworks/Python.framework/Versions/3.13/lib/python3.13/site-packages/rich/traceback.py", line 384, in from_exception
  File "/Library/Frameworks/Python.framework/Versions/3.13/lib/python3.13/site-packages/rich/traceback.py", line 446, in extract
ImportError: sys.meta_path is None, Python is likely shutting down
Exception ignored in: <function ClientResponse.__del__ at 0x10c3ff6a0>
Traceback (most recent call last):
  File "/Library/Frameworks/Python.framework/Versions/3.13/lib/python3.13/site-packages/aiohttp/client_reqrep.py", line 447, in __del__
  File "/Library/Frameworks/Python.framework/Versions/3.13/lib/python3.13/site-packages/aiohttp/connector.py", line 224, in release
  File "/Library/Frameworks/Python.framework/Versions/3.13/lib/python3.13/site-packages/aiohttp/connector.py", line 805, in _release
  File "/Library/Frameworks/Python.framework/Versions/3.13/lib/python3.13/site-packages/aiohttp/client_proto.py", line 93, in close
  File "/Library/Frameworks/Python.framework/Versions/3.13/lib/python3.13/asyncio/selector_events.py", line 1205, in close
  File "/Library/Frameworks/Python.framework/Versions/3.13/lib/python3.13/asyncio/selector_events.py", line 865, in close
  File "/Library/Frameworks/Python.framework/Versions/3.13/lib/python3.13/asyncio/base_events.py", line 833, in call_soon
  File "/Library/Frameworks/Python.framework/Versions/3.13/lib/python3.13/asyncio/base_events.py", line 556, in _check_closed
RuntimeError: Event loop is closed
Exception ignored in: <function ClientSession.__del__ at 0x10c9c05e0>
Traceback (most recent call last):
  File "/Library/Frameworks/Python.framework/Versions/3.13/lib/python3.13/site-packages/aiohttp/client.py", line 459, in __del__
  File "/Library/Frameworks/Python.framework/Versions/3.13/lib/python3.13/asyncio/base_events.py", line 1906, in call_exception_handler
  File "/Library/Frameworks/Python.framework/Versions/3.13/lib/python3.13/logging/__init__.py", line 1551, in error
  File "/Library/Frameworks/Python.framework/Versions/3.13/lib/python3.13/logging/__init__.py", line 1667, in _log
  File "/Library/Frameworks/Python.framework/Versions/3.13/lib/python3.13/logging/__init__.py", line 1686, in handle
  File "/Library/Frameworks/Python.framework/Versions/3.13/lib/python3.13/logging/__init__.py", line 1744, in callHandlers
  File "/Library/Frameworks/Python.framework/Versions/3.13/lib/python3.13/logging/__init__.py", line 1027, in handle
  File "/Library/Frameworks/Python.framework/Versions/3.13/lib/python3.13/site-packages/rich/logging.py", line 144, in emit
  File "/Library/Frameworks/Python.framework/Versions/3.13/lib/python3.13/site-packages/rich/traceback.py", line 384, in from_exception
  File "/Library/Frameworks/Python.framework/Versions/3.13/lib/python3.13/site-packages/rich/traceback.py", line 446, in extract
ImportError: sys.meta_path is None, Python is likely shutting down
Exception ignored in: <function ClientResponse.__del__ at 0x10c90b6a0>
Traceback (most recent call last):
  File "/Library/Frameworks/Python.framework/Versions/3.13/lib/python3.13/site-packages/aiohttp/client_reqrep.py", line 447, in __del__
  File "/Library/Frameworks/Python.framework/Versions/3.13/lib/python3.13/site-packages/aiohttp/connector.py", line 224, in release
  File "/Library/Frameworks/Python.framework/Versions/3.13/lib/python3.13/site-packages/aiohttp/connector.py", line 805, in _release
  File "/Library/Frameworks/Python.framework/Versions/3.13/lib/python3.13/site-packages/aiohttp/client_proto.py", line 93, in close
  File "/Library/Frameworks/Python.framework/Versions/3.13/lib/python3.13/asyncio/selector_events.py", line 1205, in close
  File "/Library/Frameworks/Python.framework/Versions/3.13/lib/python3.13/asyncio/selector_events.py", line 865, in close
  File "/Library/Frameworks/Python.framework/Versions/3.13/lib/python3.13/asyncio/base_events.py", line 833, in call_soon
  File "/Library/Frameworks/Python.framework/Versions/3.13/lib/python3.13/asyncio/base_events.py", line 556, in _check_closed
RuntimeError: Event loop is closed
INFO:     127.0.0.1:60654 - "POST /api/execute HTTP/1.1" 200 OK
INFO:     127.0.0.1:60655 - "POST /api/execute HTTP/1.1" 200 OK
[01/15/26 20:20:00] INFO     Processing request of type            server.py:713
                             CallToolRequest                                    
[01/15/26 20:20:00] INFO     Processing request of type            server.py:713
                             CallToolRequest                                    
                    INFO     Processing request of type            server.py:713
                             ListToolsRequest                                   
                    INFO     Processing request of type            server.py:713
                             ListToolsRequest                                   
Exception ignored in: <function ClientSession.__del__ at 0x107ee45e0>
Traceback (most recent call last):
  File "/Library/Frameworks/Python.framework/Versions/3.13/lib/python3.13/site-packages/aiohttp/client.py", line 459, in __del__
  File "/Library/Frameworks/Python.framework/Versions/3.13/lib/python3.13/asyncio/base_events.py", line 1906, in call_exception_handler
  File "/Library/Frameworks/Python.framework/Versions/3.13/lib/python3.13/logging/__init__.py", line 1551, in error
  File "/Library/Frameworks/Python.framework/Versions/3.13/lib/python3.13/logging/__init__.py", line 1667, in _log
  File "/Library/Frameworks/Python.framework/Versions/3.13/lib/python3.13/logging/__init__.py", line 1686, in handle
  File "/Library/Frameworks/Python.framework/Versions/3.13/lib/python3.13/logging/__init__.py", line 1744, in callHandlers
  File "/Library/Frameworks/Python.framework/Versions/3.13/lib/python3.13/logging/__init__.py", line 1027, in handle
  File "/Library/Frameworks/Python.framework/Versions/3.13/lib/python3.13/site-packages/rich/logging.py", line 144, in emit
  File "/Library/Frameworks/Python.framework/Versions/3.13/lib/python3.13/site-packages/rich/traceback.py", line 384, in from_exception
  File "/Library/Frameworks/Python.framework/Versions/3.13/lib/python3.13/site-packages/rich/traceback.py", line 446, in extract
ImportError: sys.meta_path is None, Python is likely shutting down
Exception ignored in: <function ClientResponse.__del__ at 0x107e2b6a0>
Traceback (most recent call last):
  File "/Library/Frameworks/Python.framework/Versions/3.13/lib/python3.13/site-packages/aiohttp/client_reqrep.py", line 447, in __del__
  File "/Library/Frameworks/Python.framework/Versions/3.13/lib/python3.13/site-packages/aiohttp/connector.py", line 224, in release
  File "/Library/Frameworks/Python.framework/Versions/3.13/lib/python3.13/site-packages/aiohttp/connector.py", line 805, in _release
  File "/Library/Frameworks/Python.framework/Versions/3.13/lib/python3.13/site-packages/aiohttp/client_proto.py", line 93, in close
  File "/Library/Frameworks/Python.framework/Versions/3.13/lib/python3.13/asyncio/selector_events.py", line 1205, in close
  File "/Library/Frameworks/Python.framework/Versions/3.13/lib/python3.13/asyncio/selector_events.py", line 865, in close
  File "/Library/Frameworks/Python.framework/Versions/3.13/lib/python3.13/asyncio/base_events.py", line 833, in call_soon
  File "/Library/Frameworks/Python.framework/Versions/3.13/lib/python3.13/asyncio/base_events.py", line 556, in _check_closed
RuntimeError: Event loop is closed
Exception ignored in: <function ClientSession.__del__ at 0x10823c5e0>
Traceback (most recent call last):
  File "/Library/Frameworks/Python.framework/Versions/3.13/lib/python3.13/site-packages/aiohttp/client.py", line 459, in __del__
  File "/Library/Frameworks/Python.framework/Versions/3.13/lib/python3.13/asyncio/base_events.py", line 1906, in call_exception_handler
  File "/Library/Frameworks/Python.framework/Versions/3.13/lib/python3.13/logging/__init__.py", line 1551, in error
  File "/Library/Frameworks/Python.framework/Versions/3.13/lib/python3.13/logging/__init__.py", line 1667, in _log
  File "/Library/Frameworks/Python.framework/Versions/3.13/lib/python3.13/logging/__init__.py", line 1686, in handle
  File "/Library/Frameworks/Python.framework/Versions/3.13/lib/python3.13/logging/__init__.py", line 1744, in callHandlers
  File "/Library/Frameworks/Python.framework/Versions/3.13/lib/python3.13/logging/__init__.py", line 1027, in handle
  File "/Library/Frameworks/Python.framework/Versions/3.13/lib/python3.13/site-packages/rich/logging.py", line 144, in emit
  File "/Library/Frameworks/Python.framework/Versions/3.13/lib/python3.13/site-packages/rich/traceback.py", line 384, in from_exception
  File "/Library/Frameworks/Python.framework/Versions/3.13/lib/python3.13/site-packages/rich/traceback.py", line 446, in extract
ImportError: sys.meta_path is None, Python is likely shutting down
Exception ignored in: <function ClientResponse.__del__ at 0x1081836a0>
Traceback (most recent call last):
  File "/Library/Frameworks/Python.framework/Versions/3.13/lib/python3.13/site-packages/aiohttp/client_reqrep.py", line 447, in __del__
  File "/Library/Frameworks/Python.framework/Versions/3.13/lib/python3.13/site-packages/aiohttp/connector.py", line 224, in release
  File "/Library/Frameworks/Python.framework/Versions/3.13/lib/python3.13/site-packages/aiohttp/connector.py", line 805, in _release
  File "/Library/Frameworks/Python.framework/Versions/3.13/lib/python3.13/site-packages/aiohttp/client_proto.py", line 93, in close
  File "/Library/Frameworks/Python.framework/Versions/3.13/lib/python3.13/asyncio/selector_events.py", line 1205, in close
  File "/Library/Frameworks/Python.framework/Versions/3.13/lib/python3.13/asyncio/selector_events.py", line 865, in close
  File "/Library/Frameworks/Python.framework/Versions/3.13/lib/python3.13/asyncio/base_events.py", line 833, in call_soon
  File "/Library/Frameworks/Python.framework/Versions/3.13/lib/python3.13/asyncio/base_events.py", line 556, in _check_closed
RuntimeError: Event loop is closed
INFO:     127.0.0.1:60654 - "POST /api/execute HTTP/1.1" 200 OK
INFO:     127.0.0.1:60655 - "POST /api/execute HTTP/1.1" 200 OK
INFO:     Shutting down
INFO:     Waiting for application shutdown.
INFO:     Application shutdown complete.
INFO:     Finished server process [34065]
